<?xml version="1.0" encoding="UTF-8"?>
<testsuite xmlns:xsi="http://www.w3.org/2001/XMLSchema-instance" xsi:noNamespaceSchemaLocation="https://maven.apache.org/surefire/maven-surefire-plugin/xsd/surefire-test-report.xsd" name="com.myapp.LoggingAopSpringBootTest" time="3.779" tests="2" errors="0" skipped="0" failures="0">
  <properties>
[...]
</properties>
  <testcase name="testMethod1Exm2" classname="com.myapp.LoggingAopSpringBootTest" time="0.658"/>
  <testcase name="testMethod1Exm" classname="com.myapp.LoggingAopSpringBootTest" time="0.005"/>
</testsuite>